app/build/intermediates/manifest_merge_blame_file/debug/manifest-merger-blame-debug-report.txt
1<?xml version="1.0" encoding="utf-8"?>
2<manifest xmlns:android="http://schemas.android.com/apk/res/android"
3    package="com.example.lenovo.quransubjectsapp"
4    android:versionCode="1"
5    android:versionName="1.0" >
6
7    <uses-sdk
8        android:minSdkVersion="19"
8-->src\main\AndroidManifest.xml
9        android:targetSdkVersion="27" />
9-->src\main\AndroidManifest.xml
10
11    <uses-permission android:name="android.permission.INTERNET" />
11-->src\main\AndroidManifest.xml:5:5-67
11-->src\main\AndroidManifest.xml:5:22-64
12    <uses-permission android:name="android.permission.ACCESS_WIFI_STATE" />
12-->[com.amitshekhar.android:debug-db:1.0.4] AndroidManifest.xml:30:5-76
12-->[com.amitshekhar.android:debug-db:1.0.4] AndroidManifest.xml:30:22-73
13
14    <application
14-->src\main\AndroidManifest.xml:7:5-68:19
15        android:name="com.orm.SugarApp"
15-->src\main\AndroidManifest.xml:8:9-40
16        android:allowBackup="true"
16-->src\main\AndroidManifest.xml:9:9-35
17        android:debuggable="true"
18        android:icon="@drawable/mafatihcircle"
18-->src\main\AndroidManifest.xml:10:9-47
19        android:label="@string/app_name"
19-->[de.blox:graphview:0.3.0] AndroidManifest.xml:13:9-41
20        android:roundIcon="@drawable/mafatihcircle"
20-->src\main\AndroidManifest.xml:11:9-52
21        android:supportsRtl="true"
21-->src\main\AndroidManifest.xml:12:9-35
22        android:testOnly="true"
23        android:theme="@style/AppTheme" >
23-->src\main\AndroidManifest.xml:13:9-40
24        <meta-data
24-->src\main\AndroidManifest.xml:14:9-16:48
25            android:name="DATABASE"
25-->src\main\AndroidManifest.xml:15:13-36
26            android:value="sugar_example.db" />
26-->src\main\AndroidManifest.xml:16:13-45
27        <meta-data
27-->src\main\AndroidManifest.xml:17:9-19:33
28            android:name="VERSION"
28-->src\main\AndroidManifest.xml:18:13-35
29            android:value="4" />
29-->src\main\AndroidManifest.xml:19:13-30
30        <meta-data
30-->src\main\AndroidManifest.xml:20:9-22:36
31            android:name="QUERY_LOG"
31-->src\main\AndroidManifest.xml:21:13-37
32            android:value="true" />
32-->src\main\AndroidManifest.xml:22:13-33
33        <meta-data
33-->src\main\AndroidManifest.xml:23:9-25:67
34            android:name="DOMAIN_PACKAGE_NAME"
34-->src\main\AndroidManifest.xml:24:13-47
35            android:value="com.example.lenovo.quransubjectsapp" />
35-->src\main\AndroidManifest.xml:25:13-64
36
37        <activity
37-->src\main\AndroidManifest.xml:27:9-36:20
38            android:name="com.example.lenovo.quransubjectsapp.MainActivity"
38-->src\main\AndroidManifest.xml:28:13-41
39            android:screenOrientation="portrait"
39-->src\main\AndroidManifest.xml:29:13-49
40            android:windowSoftInputMode="adjustPan|adjustResize" >
40-->src\main\AndroidManifest.xml:30:13-65
41            <intent-filter>
41-->src\main\AndroidManifest.xml:31:13-35:29
42                <action android:name="android.intent.action.MAIN" />
42-->src\main\AndroidManifest.xml:32:17-69
42-->src\main\AndroidManifest.xml:32:25-66
43
44                <category android:name="android.intent.category.LAUNCHER" />
44-->src\main\AndroidManifest.xml:34:17-77
44-->src\main\AndroidManifest.xml:34:27-74
45            </intent-filter>
46        </activity>
47        <activity
47-->src\main\AndroidManifest.xml:37:9-40:68
48            android:name="com.example.lenovo.quransubjectsapp.VersesActivity"
48-->src\main\AndroidManifest.xml:38:13-43
49            android:screenOrientation="portrait"
49-->src\main\AndroidManifest.xml:39:13-49
50            android:windowSoftInputMode="adjustPan|adjustResize" />
50-->src\main\AndroidManifest.xml:40:13-65
51        <activity
51-->src\main\AndroidManifest.xml:41:9-43:52
52            android:name="com.example.lenovo.quransubjectsapp.TafaseerActivity"
52-->src\main\AndroidManifest.xml:42:13-45
53            android:screenOrientation="portrait" />
53-->src\main\AndroidManifest.xml:43:13-49
54        <activity
54-->src\main\AndroidManifest.xml:44:9-47:68
55            android:name="com.example.lenovo.quransubjectsapp.SettingsActivity"
55-->src\main\AndroidManifest.xml:45:13-45
56            android:theme="@style/NoTitleDialog"
56-->src\main\AndroidManifest.xml:46:13-49
57            android:windowSoftInputMode="adjustPan|adjustResize" />
57-->src\main\AndroidManifest.xml:47:13-65
58        <activity
58-->src\main\AndroidManifest.xml:48:9-51:68
59            android:name="com.example.lenovo.quransubjectsapp.HelpActivity"
59-->src\main\AndroidManifest.xml:49:13-41
60            android:screenOrientation="portrait"
60-->src\main\AndroidManifest.xml:50:13-49
61            android:windowSoftInputMode="adjustPan|adjustResize" />
61-->src\main\AndroidManifest.xml:51:13-65
62        <activity
62-->src\main\AndroidManifest.xml:52:9-55:68
63            android:name="com.example.lenovo.quransubjectsapp.AboutActivity"
63-->src\main\AndroidManifest.xml:53:13-42
64            android:screenOrientation="portrait"
64-->src\main\AndroidManifest.xml:54:13-49
65            android:windowSoftInputMode="adjustPan|adjustResize" />
65-->src\main\AndroidManifest.xml:55:13-65
66        <activity
66-->src\main\AndroidManifest.xml:56:9-59:68
67            android:name="com.example.lenovo.quransubjectsapp.ChartActivity"
67-->src\main\AndroidManifest.xml:57:13-42
68            android:screenOrientation="portrait"
68-->src\main\AndroidManifest.xml:58:13-49
69            android:windowSoftInputMode="adjustPan|adjustResize" />
69-->src\main\AndroidManifest.xml:59:13-65
70        <activity
70-->src\main\AndroidManifest.xml:60:9-62:52
71            android:name="com.example.lenovo.quransubjectsapp.QuranActivity"
71-->src\main\AndroidManifest.xml:61:13-42
72            android:screenOrientation="portrait" />
72-->src\main\AndroidManifest.xml:62:13-49
73        <activity android:name="com.example.lenovo.quransubjectsapp.SubjectTreeActivity" />
73-->src\main\AndroidManifest.xml:63:9-57
73-->src\main\AndroidManifest.xml:63:19-54
74        <activity
74-->src\main\AndroidManifest.xml:64:9-66:52
75            android:name="com.example.lenovo.quransubjectsapp.WordMeaningDialog"
75-->src\main\AndroidManifest.xml:65:13-46
76            android:theme="@style/NoTitleDialog" />
76-->src\main\AndroidManifest.xml:66:13-49
77        <activity android:name="com.example.lenovo.quransubjectsapp.QuranWordDetail" />
77-->src\main\AndroidManifest.xml:67:9-62
77-->src\main\AndroidManifest.xml:67:19-50
78
79        <provider
79-->[com.amitshekhar.android:debug-db:1.0.4] AndroidManifest.xml:33:9-37:40
80            android:name="com.amitshekhar.DebugDBInitProvider"
80-->[com.amitshekhar.android:debug-db:1.0.4] AndroidManifest.xml:34:13-63
81            android:authorities="com.example.lenovo.quransubjectsapp.DebugDBInitProvider"
81-->[com.amitshekhar.android:debug-db:1.0.4] AndroidManifest.xml:35:13-71
82            android:enabled="true"
82-->[com.amitshekhar.android:debug-db:1.0.4] AndroidManifest.xml:36:13-35
83            android:exported="false" />
83-->[com.amitshekhar.android:debug-db:1.0.4] AndroidManifest.xml:37:13-37
84        <provider
84-->[android.arch.lifecycle:extensions:1.1.1] AndroidManifest.xml:23:9-27:43
85            android:name="android.arch.lifecycle.ProcessLifecycleOwnerInitializer"
85-->[android.arch.lifecycle:extensions:1.1.1] AndroidManifest.xml:24:13-83
86            android:authorities="com.example.lenovo.quransubjectsapp.lifecycle-trojan"
86-->[android.arch.lifecycle:extensions:1.1.1] AndroidManifest.xml:25:13-68
87            android:exported="false"
87-->[android.arch.lifecycle:extensions:1.1.1] AndroidManifest.xml:26:13-37
88            android:multiprocess="true" />
88-->[android.arch.lifecycle:extensions:1.1.1] AndroidManifest.xml:27:13-40
89    </application>
90
91</manifest>